<?xml version="1.0" encoding="UTF-8"?>
<!-- Generated by org.testng.reporters.JUnitReportReporter -->
<testsuite hostname="LAPTOP-2L96816T" failures="0" tests="2" name="com.example.TestAnnotations" time="0.008" errors="0" timestamp="2024-06-05T13:39:52 IST" skipped="0">
  <testcase classname="com.example.TestAnnotations" name="testMethod2" time="0.002"/>
  <system-out/>
  <testcase classname="com.example.TestAnnotations" name="testMethod1" time="0.006"/>
  <system-out/>
</testsuite> <!-- com.example.TestAnnotations -->
